#! /usr/bin/vvp
:ivl_version "10.1 (stable)";
:ivl_delay_selection "TYPICAL";
:vpi_time_precision + 0;
:vpi_module "system";
:vpi_module "vhdl_sys";
:vpi_module "v2005_math";
:vpi_module "va_math";
S_0x7fffd2af17c0 .scope module, "mux2" "mux2" 2 1;
 .timescale 0 0;
    .port_info 0 /INPUT 32 "d0"
    .port_info 1 /INPUT 32 "d1"
    .port_info 2 /INPUT 1 "s"
    .port_info 3 /OUTPUT 32 "y"
o0x7fc96e070018 .functor BUFZ 32, C4<zzzzzzzzzzzzzzzzzzzzzzzzzzzzzzzz>; HiZ drive
v0x7fffd2af19b0_0 .net "d0", 31 0, o0x7fc96e070018;  0 drivers
o0x7fc96e070048 .functor BUFZ 32, C4<zzzzzzzzzzzzzzzzzzzzzzzzzzzzzzzz>; HiZ drive
v0x7fffd2b11a70_0 .net "d1", 31 0, o0x7fc96e070048;  0 drivers
o0x7fc96e070078 .functor BUFZ 1, C4<z>; HiZ drive
v0x7fffd2b11b50_0 .net "s", 0 0, o0x7fc96e070078;  0 drivers
v0x7fffd2b11c20_0 .net "y", 31 0, L_0x7fffd2b11db0;  1 drivers
L_0x7fffd2b11db0 .functor MUXZ 32, o0x7fc96e070018, o0x7fc96e070048, o0x7fc96e070078, C4<>;
# The file index is used to find the file name in the following table.
:file_names 3;
    "N/A";
    "<interactive>";
    "mux2.v";
